[debug] [2023-10-21T00:36:28.058Z] ----------------------------------------------------------------------
[debug] [2023-10-21T00:36:28.060Z] Command:       C:\Program Files\nodejs\node.exe C:\Users\musse\AppData\Roaming\npm\node_modules\firebase-tools\lib\bin\firebase.js init
[debug] [2023-10-21T00:36:28.060Z] CLI Version:   12.6.1
[debug] [2023-10-21T00:36:28.061Z] Platform:      win32
[debug] [2023-10-21T00:36:28.061Z] Node Version:  v18.18.0
[debug] [2023-10-21T00:36:28.062Z] Time:          Sat Oct 21 2023 09:36:28 GMT+0900 (日本標準時)
[debug] [2023-10-21T00:36:28.062Z] ----------------------------------------------------------------------
[debug] 
[debug] [2023-10-21T00:36:28.066Z] >>> [apiv2][query] GET https://firebase-public.firebaseio.com/cli.json [none]
[debug] [2023-10-21T00:36:28.117Z] > command requires scopes: ["email","openid","https://www.googleapis.com/auth/cloudplatformprojects.readonly","https://www.googleapis.com/auth/firebase","https://www.googleapis.com/auth/cloud-platform"]
[debug] [2023-10-21T00:36:28.118Z] > authorizing via signed-in user (beatweapon7th@gmail.com)
[info] 
     ######## #### ########  ######## ########     ###     ######  ########
     ##        ##  ##     ## ##       ##     ##  ##   ##  ##       ##
     ######    ##  ########  ######   ########  #########  ######  ######
     ##        ##  ##    ##  ##       ##     ## ##     ##       ## ##
     ##       #### ##     ## ######## ########  ##     ##  ######  ########

You're about to initialize a Firebase project in this directory:

  C:\Users\musse\projects\thanks-card

[debug] [2023-10-21T00:36:28.465Z] <<< [apiv2][status] GET https://firebase-public.firebaseio.com/cli.json 200
[debug] [2023-10-21T00:36:28.466Z] <<< [apiv2][body] GET https://firebase-public.firebaseio.com/cli.json {"cloudBuildErrorAfter":1594252800000,"cloudBuildWarnAfter":1590019200000,"defaultNode10After":1594252800000,"minVersion":"3.0.5","node8DeploysDisabledAfter":1613390400000,"node8RuntimeDisabledAfter":1615809600000,"node8WarnAfter":1600128000000}
